<?xml version="1.0" encoding="UTF-8"?>
<testng-results ignored="0" total="1" passed="1" failed="0" skipped="0">
  <reporter-output>
  </reporter-output>
  <suite started-at="2025-12-31T10:22:27 IST" name="Surefire suite" finished-at="2025-12-31T10:22:36 IST" duration-ms="9259">
    <groups>
    </groups>
    <test started-at="2025-12-31T10:22:27 IST" name="Surefire test" finished-at="2025-12-31T10:22:36 IST" duration-ms="9259">
      <class name="tests.LoginTest">
        <test-method is-config="true" signature="beforeTest()[pri:0, instance:tests.LoginTest@2f217633]" started-at="2025-12-31T10:22:27 IST" name="beforeTest" finished-at="2025-12-31T10:22:32 IST" duration-ms="4855" status="PASS">
          <reporter-output>
          </reporter-output>
        </test-method> <!-- beforeTest -->
        <test-method signature="f()[pri:0, instance:tests.LoginTest@2f217633]" started-at="2025-12-31T10:22:32 IST" name="f" finished-at="2025-12-31T10:22:36 IST" duration-ms="3365" status="PASS">
          <reporter-output>
          </reporter-output>
        </test-method> <!-- f -->
        <test-method is-config="true" signature="afterTest()[pri:0, instance:tests.LoginTest@2f217633]" started-at="2025-12-31T10:22:36 IST" name="afterTest" finished-at="2025-12-31T10:22:36 IST" duration-ms="879" status="PASS">
          <reporter-output>
          </reporter-output>
        </test-method> <!-- afterTest -->
      </class> <!-- tests.LoginTest -->
    </test> <!-- Surefire test -->
  </suite> <!-- Surefire suite -->
</testng-results>
