<?xml version="1.0" encoding="UTF-8"?>
<testng-results ignored="0" total="1" passed="1" failed="0" skipped="0">
  <reporter-output>
  </reporter-output>
  <suite started-at="2025-12-30T09:56:53 IST" name="Default suite" finished-at="2025-12-30T09:57:01 IST" duration-ms="8337">
    <groups>
    </groups>
    <test started-at="2025-12-30T09:56:53 IST" name="Default test" finished-at="2025-12-30T09:57:01 IST" duration-ms="8337">
      <class name="tests.LoginTest">
        <test-method is-config="true" signature="beforeTest()[pri:0, instance:tests.LoginTest@55141def]" started-at="2025-12-30T09:56:53 IST" name="beforeTest" finished-at="2025-12-30T09:56:59 IST" duration-ms="6276" status="PASS">
          <reporter-output>
          </reporter-output>
        </test-method> <!-- beforeTest -->
        <test-method signature="f()[pri:0, instance:tests.LoginTest@55141def]" started-at="2025-12-30T09:56:59 IST" name="f" finished-at="2025-12-30T09:57:01 IST" duration-ms="1506" status="PASS">
          <reporter-output>
          </reporter-output>
        </test-method> <!-- f -->
        <test-method is-config="true" signature="afterTest()[pri:0, instance:tests.LoginTest@55141def]" started-at="2025-12-30T09:57:01 IST" name="afterTest" finished-at="2025-12-30T09:57:01 IST" duration-ms="478" status="PASS">
          <reporter-output>
          </reporter-output>
        </test-method> <!-- afterTest -->
      </class> <!-- tests.LoginTest -->
    </test> <!-- Default test -->
  </suite> <!-- Default suite -->
</testng-results>
